2024-10-10 09:52:54,136 - basicLogger - INFO - Received event parking_status request with a trace id of 9b60e823-a117-419b-a834-4afdc23c3f6e
2024-10-10 09:52:54,210 - basicLogger - INFO - Returned event parking_status response (Id: 9b60e823-a117-419b-a834-4afdc23c3f6e) with status 201
2024-10-10 09:52:54,226 - basicLogger - INFO - Received event payment request with a trace id of aaa17ba0-61ac-423f-a396-1af32a45c25d
2024-10-10 09:52:54,262 - basicLogger - INFO - Returned event payment response (Id: aaa17ba0-61ac-423f-a396-1af32a45c25d) with status 201
2024-10-10 09:52:54,311 - basicLogger - INFO - Received event parking_status request with a trace id of 17ef2aaf-45a9-4b65-8cbd-3c32d86c3bb3
2024-10-10 09:52:54,337 - basicLogger - INFO - Returned event parking_status response (Id: 17ef2aaf-45a9-4b65-8cbd-3c32d86c3bb3) with status 201
2024-10-10 09:52:54,352 - basicLogger - INFO - Received event payment request with a trace id of a1fa2335-3460-4eb5-92c8-a2f79fd47e14
2024-10-10 09:52:54,376 - basicLogger - INFO - Returned event payment response (Id: a1fa2335-3460-4eb5-92c8-a2f79fd47e14) with status 201
2024-10-10 09:52:54,391 - basicLogger - INFO - Received event parking_status request with a trace id of 4131ebad-b858-49e1-88ae-194fa113d2f3
2024-10-10 09:52:54,414 - basicLogger - INFO - Returned event parking_status response (Id: 4131ebad-b858-49e1-88ae-194fa113d2f3) with status 201
2024-10-10 09:52:54,427 - basicLogger - INFO - Received event payment request with a trace id of 98aa98a7-4218-4f22-aa21-cb29dfe0f02c
2024-10-10 09:52:54,451 - basicLogger - INFO - Returned event payment response (Id: 98aa98a7-4218-4f22-aa21-cb29dfe0f02c) with status 201
2024-10-10 09:52:54,466 - basicLogger - INFO - Received event parking_status request with a trace id of 884afa01-4f28-4611-9488-d20fa2bd50dc
2024-10-10 09:52:54,492 - basicLogger - INFO - Returned event parking_status response (Id: 884afa01-4f28-4611-9488-d20fa2bd50dc) with status 201
2024-10-10 09:52:54,507 - basicLogger - INFO - Received event payment request with a trace id of 928a568f-0136-4845-93a8-b8ac2af40c9f
2024-10-10 09:52:54,530 - basicLogger - INFO - Returned event payment response (Id: 928a568f-0136-4845-93a8-b8ac2af40c9f) with status 201
2024-10-10 09:52:54,545 - basicLogger - INFO - Received event parking_status request with a trace id of b53b71a5-13de-43d5-bac7-4830ec5fb8c6
2024-10-10 09:52:54,590 - basicLogger - INFO - Returned event parking_status response (Id: b53b71a5-13de-43d5-bac7-4830ec5fb8c6) with status 201
2024-10-10 09:52:54,607 - basicLogger - INFO - Received event payment request with a trace id of b4a00c9a-23b6-4d2d-a311-ca27b5cbd936
2024-10-10 09:52:54,642 - basicLogger - INFO - Returned event payment response (Id: b4a00c9a-23b6-4d2d-a311-ca27b5cbd936) with status 201
2024-10-10 09:52:54,664 - basicLogger - INFO - Received event parking_status request with a trace id of c000cf5b-d5c1-4a3b-a83b-309b48fdb366
2024-10-10 09:52:54,708 - basicLogger - INFO - Returned event parking_status response (Id: c000cf5b-d5c1-4a3b-a83b-309b48fdb366) with status 201
2024-10-10 09:52:54,742 - basicLogger - INFO - Received event payment request with a trace id of 82bf85d8-09b6-4e80-acfd-769dd1651c4e
2024-10-10 09:52:54,773 - basicLogger - INFO - Returned event payment response (Id: 82bf85d8-09b6-4e80-acfd-769dd1651c4e) with status 201
2024-10-10 09:52:54,800 - basicLogger - INFO - Received event parking_status request with a trace id of 38fdf2dd-9062-4b42-9c42-d79adb4be4e4
2024-10-10 09:52:54,831 - basicLogger - INFO - Returned event parking_status response (Id: 38fdf2dd-9062-4b42-9c42-d79adb4be4e4) with status 201
2024-10-10 09:52:54,843 - basicLogger - INFO - Received event payment request with a trace id of 163f9e06-361c-4d52-8f91-6b382b606a4d
2024-10-10 09:52:54,867 - basicLogger - INFO - Returned event payment response (Id: 163f9e06-361c-4d52-8f91-6b382b606a4d) with status 201
2024-10-10 09:52:54,883 - basicLogger - INFO - Received event parking_status request with a trace id of acfe39b5-d3bf-49aa-9e6e-193036890ed8
2024-10-10 09:52:54,910 - basicLogger - INFO - Returned event parking_status response (Id: acfe39b5-d3bf-49aa-9e6e-193036890ed8) with status 201
2024-10-10 09:52:54,924 - basicLogger - INFO - Received event payment request with a trace id of b0bf0088-9c92-40fd-9745-8af2087b5723
2024-10-10 09:52:54,947 - basicLogger - INFO - Returned event payment response (Id: b0bf0088-9c92-40fd-9745-8af2087b5723) with status 201
2024-10-10 09:52:54,962 - basicLogger - INFO - Received event parking_status request with a trace id of ed846a7c-141f-49da-bd1d-b4cea4c1aeb9
2024-10-10 09:52:54,985 - basicLogger - INFO - Returned event parking_status response (Id: ed846a7c-141f-49da-bd1d-b4cea4c1aeb9) with status 201
2024-10-10 09:52:54,996 - basicLogger - INFO - Received event payment request with a trace id of 88156072-182f-4a88-a6d3-6c4138ff463e
2024-10-10 09:52:55,017 - basicLogger - INFO - Returned event payment response (Id: 88156072-182f-4a88-a6d3-6c4138ff463e) with status 201
2024-10-10 09:52:55,030 - basicLogger - INFO - Received event parking_status request with a trace id of 45c9b264-331b-4ef9-a705-6e85a3c01dcf
2024-10-10 09:52:55,051 - basicLogger - INFO - Returned event parking_status response (Id: 45c9b264-331b-4ef9-a705-6e85a3c01dcf) with status 201
2024-10-10 09:52:55,062 - basicLogger - INFO - Received event payment request with a trace id of 29492a5c-83c6-4cc3-a96e-0cd703fd7005
2024-10-10 09:52:55,083 - basicLogger - INFO - Returned event payment response (Id: 29492a5c-83c6-4cc3-a96e-0cd703fd7005) with status 201
2024-10-10 16:10:23,290 - basicLogger - INFO - Received event parking_status request with a trace id of 8b6bd434-89bf-4ebd-bc60-4f3d68a6c01c
2024-10-10 16:10:23,345 - basicLogger - INFO - Returned event parking_status response (Id: 8b6bd434-89bf-4ebd-bc60-4f3d68a6c01c) with status 201
2024-10-10 16:10:23,361 - basicLogger - INFO - Received event payment request with a trace id of f40a36b4-e225-45d2-a49b-479a2d9ae465
2024-10-10 16:10:23,394 - basicLogger - INFO - Returned event payment response (Id: f40a36b4-e225-45d2-a49b-479a2d9ae465) with status 201
2024-10-10 16:10:23,409 - basicLogger - INFO - Received event parking_status request with a trace id of cfcf446f-0a64-4c74-ab63-af0e29c90b8c
2024-10-10 16:10:23,438 - basicLogger - INFO - Returned event parking_status response (Id: cfcf446f-0a64-4c74-ab63-af0e29c90b8c) with status 201
2024-10-10 16:10:23,452 - basicLogger - INFO - Received event payment request with a trace id of 8694a0e6-c5d5-49d7-8be7-53b695113b0f
2024-10-10 16:10:23,479 - basicLogger - INFO - Returned event payment response (Id: 8694a0e6-c5d5-49d7-8be7-53b695113b0f) with status 201
2024-10-10 16:10:23,517 - basicLogger - INFO - Received event parking_status request with a trace id of b03694d9-2a53-4470-8cc2-cbf48f4cf1d3
2024-10-10 16:10:23,546 - basicLogger - INFO - Returned event parking_status response (Id: b03694d9-2a53-4470-8cc2-cbf48f4cf1d3) with status 201
2024-10-10 16:10:23,559 - basicLogger - INFO - Received event payment request with a trace id of ee23afed-5664-4806-89c4-c8ee6c570599
2024-10-10 16:10:23,590 - basicLogger - INFO - Returned event payment response (Id: ee23afed-5664-4806-89c4-c8ee6c570599) with status 201
2024-10-10 16:10:23,594 - basicLogger - INFO - Received event parking_status request with a trace id of 447264c2-74a3-4b59-8511-2288e69958c9
2024-10-10 16:10:23,611 - basicLogger - INFO - Received event parking_status request with a trace id of c9e94f86-1223-4174-a03c-67b83a8238bd
2024-10-10 16:10:23,634 - basicLogger - INFO - Returned event parking_status response (Id: 447264c2-74a3-4b59-8511-2288e69958c9) with status 201
2024-10-10 16:10:23,648 - basicLogger - INFO - Received event payment request with a trace id of 137479fc-99a8-4353-a835-0d1e69a96568
2024-10-10 16:10:23,654 - basicLogger - INFO - Returned event parking_status response (Id: c9e94f86-1223-4174-a03c-67b83a8238bd) with status 201
2024-10-10 16:10:23,668 - basicLogger - INFO - Received event payment request with a trace id of b4039efd-7885-4434-bf1f-60c466ba51b3
2024-10-10 16:10:23,695 - basicLogger - INFO - Returned event payment response (Id: 137479fc-99a8-4353-a835-0d1e69a96568) with status 201
2024-10-10 16:10:23,705 - basicLogger - INFO - Returned event payment response (Id: b4039efd-7885-4434-bf1f-60c466ba51b3) with status 201
2024-10-10 16:10:23,714 - basicLogger - INFO - Received event parking_status request with a trace id of b9c2bead-74e1-43f3-8d66-7338642e96ba
2024-10-10 16:10:23,734 - basicLogger - INFO - Received event parking_status request with a trace id of 91f9579c-d0cd-4002-acbb-20cbe9edaba0
2024-10-10 16:10:23,765 - basicLogger - INFO - Returned event parking_status response (Id: b9c2bead-74e1-43f3-8d66-7338642e96ba) with status 201
2024-10-10 16:10:23,775 - basicLogger - INFO - Returned event parking_status response (Id: 91f9579c-d0cd-4002-acbb-20cbe9edaba0) with status 201
2024-10-10 16:10:23,790 - basicLogger - INFO - Received event payment request with a trace id of b20533cc-3c48-444b-a228-262edc2fdb07
2024-10-10 16:10:23,798 - basicLogger - INFO - Received event payment request with a trace id of d64aee2b-f057-4e4b-a723-dc9f1c461aec
2024-10-10 16:10:23,836 - basicLogger - INFO - Returned event payment response (Id: b20533cc-3c48-444b-a228-262edc2fdb07) with status 201
2024-10-10 16:10:23,843 - basicLogger - INFO - Returned event payment response (Id: d64aee2b-f057-4e4b-a723-dc9f1c461aec) with status 201
2024-10-10 16:10:23,854 - basicLogger - INFO - Received event parking_status request with a trace id of 99817d78-29ad-4e5b-a686-cebeeb611d0d
2024-10-10 16:10:23,866 - basicLogger - INFO - Received event parking_status request with a trace id of 26a7ccb5-aaa1-41e7-9c77-64a459b1c781
2024-10-10 16:10:23,905 - basicLogger - INFO - Returned event parking_status response (Id: 26a7ccb5-aaa1-41e7-9c77-64a459b1c781) with status 201
2024-10-10 16:10:23,914 - basicLogger - INFO - Returned event parking_status response (Id: 99817d78-29ad-4e5b-a686-cebeeb611d0d) with status 201
2024-10-10 16:10:23,924 - basicLogger - INFO - Received event payment request with a trace id of 553ed4e8-849d-4d59-bfff-9dd619c25581
2024-10-10 16:10:23,951 - basicLogger - INFO - Received event payment request with a trace id of ab6b7750-76d9-46bd-bca7-0c39675317c2
2024-10-10 16:10:23,953 - basicLogger - INFO - Received event parking_status request with a trace id of a3342536-24ca-4d75-95aa-2eb0c326eb55
2024-10-10 16:10:23,967 - basicLogger - INFO - Returned event payment response (Id: 553ed4e8-849d-4d59-bfff-9dd619c25581) with status 201
2024-10-10 16:10:23,985 - basicLogger - INFO - Received event parking_status request with a trace id of e97d8a87-0457-4f9a-a551-8713e9a27ab8
2024-10-10 16:10:24,019 - basicLogger - INFO - Returned event payment response (Id: ab6b7750-76d9-46bd-bca7-0c39675317c2) with status 201
2024-10-10 16:10:24,027 - basicLogger - INFO - Returned event parking_status response (Id: a3342536-24ca-4d75-95aa-2eb0c326eb55) with status 201
2024-10-10 16:10:24,033 - basicLogger - INFO - Returned event parking_status response (Id: e97d8a87-0457-4f9a-a551-8713e9a27ab8) with status 201
2024-10-10 16:10:24,050 - basicLogger - INFO - Received event parking_status request with a trace id of a1332419-c249-4386-88fa-d227f1d8168a
2024-10-10 16:10:24,066 - basicLogger - INFO - Received event payment request with a trace id of 56b70671-477b-4e8f-98fc-c9da440b9b9d
2024-10-10 16:10:24,082 - basicLogger - INFO - Received event payment request with a trace id of d0a98dca-1da0-4a43-9a6c-1fcccc617734
2024-10-10 16:10:24,135 - basicLogger - INFO - Returned event parking_status response (Id: a1332419-c249-4386-88fa-d227f1d8168a) with status 201
2024-10-10 16:10:24,140 - basicLogger - INFO - Returned event payment response (Id: 56b70671-477b-4e8f-98fc-c9da440b9b9d) with status 201
2024-10-10 16:10:24,161 - basicLogger - INFO - Returned event payment response (Id: d0a98dca-1da0-4a43-9a6c-1fcccc617734) with status 201
2024-10-10 16:10:24,175 - basicLogger - INFO - Received event payment request with a trace id of 9415627e-6842-4482-8076-1dec373769cd
2024-10-10 16:10:24,183 - basicLogger - INFO - Received event parking_status request with a trace id of 31051941-83fc-490b-bef1-9c04ef817ca6
2024-10-10 16:10:24,225 - basicLogger - INFO - Received event parking_status request with a trace id of 5d8bcc0e-7a20-4031-9379-edc6f7dc01c4
2024-10-10 16:10:24,271 - basicLogger - INFO - Returned event parking_status response (Id: 31051941-83fc-490b-bef1-9c04ef817ca6) with status 201
2024-10-10 16:10:24,280 - basicLogger - INFO - Returned event payment response (Id: 9415627e-6842-4482-8076-1dec373769cd) with status 201
2024-10-10 16:10:24,289 - basicLogger - INFO - Returned event parking_status response (Id: 5d8bcc0e-7a20-4031-9379-edc6f7dc01c4) with status 201
2024-10-10 16:10:24,301 - basicLogger - INFO - Received event payment request with a trace id of 1c977b2e-c977-4bfb-a20f-1d34c4d58eea
2024-10-10 16:10:24,333 - basicLogger - INFO - Received event payment request with a trace id of eb7c82a6-9db2-4c7b-8e89-8ba3ebf1e37e
2024-10-10 16:10:24,343 - basicLogger - INFO - Received event parking_status request with a trace id of 620d0b3a-b8b7-45db-9f0f-a9bfa1f2f76f
2024-10-10 16:10:24,352 - basicLogger - INFO - Returned event payment response (Id: 1c977b2e-c977-4bfb-a20f-1d34c4d58eea) with status 201
2024-10-10 16:10:24,377 - basicLogger - INFO - Received event parking_status request with a trace id of 347c25fd-bb27-4acf-8a81-d29059fccddd
2024-10-10 16:10:24,408 - basicLogger - INFO - Returned event payment response (Id: eb7c82a6-9db2-4c7b-8e89-8ba3ebf1e37e) with status 201
2024-10-10 16:10:24,418 - basicLogger - INFO - Returned event parking_status response (Id: 620d0b3a-b8b7-45db-9f0f-a9bfa1f2f76f) with status 201
2024-10-10 16:10:24,443 - basicLogger - INFO - Returned event parking_status response (Id: 347c25fd-bb27-4acf-8a81-d29059fccddd) with status 201
2024-10-10 16:10:24,441 - basicLogger - INFO - Received event parking_status request with a trace id of 7d8b496a-4da5-47ec-8c3c-afba8038021e
2024-10-10 16:10:24,470 - basicLogger - INFO - Received event payment request with a trace id of 7e3e8487-a7ae-4459-aa37-a3247608df9c
2024-10-10 16:10:24,489 - basicLogger - INFO - Received event payment request with a trace id of 3e52844a-ee9b-4faf-b34a-259accc3eb6a
2024-10-10 16:10:24,508 - basicLogger - INFO - Returned event parking_status response (Id: 7d8b496a-4da5-47ec-8c3c-afba8038021e) with status 201
2024-10-10 16:10:24,523 - basicLogger - INFO - Returned event payment response (Id: 7e3e8487-a7ae-4459-aa37-a3247608df9c) with status 201
2024-10-10 16:10:24,524 - basicLogger - INFO - Received event payment request with a trace id of 44a7a55c-2eac-4d66-bdef-c13935bb2768
2024-10-10 16:10:24,543 - basicLogger - INFO - Returned event payment response (Id: 3e52844a-ee9b-4faf-b34a-259accc3eb6a) with status 201
2024-10-10 16:10:24,586 - basicLogger - INFO - Received event parking_status request with a trace id of 29dbaeda-00c2-4f66-aaf2-6469d4795557
2024-10-10 16:10:24,595 - basicLogger - INFO - Returned event payment response (Id: 44a7a55c-2eac-4d66-bdef-c13935bb2768) with status 201
2024-10-10 16:10:24,614 - basicLogger - INFO - Received event parking_status request with a trace id of ace2f35a-21f6-4dfb-8ff2-e1b6f7c54ad1
2024-10-10 16:10:24,628 - basicLogger - INFO - Returned event parking_status response (Id: 29dbaeda-00c2-4f66-aaf2-6469d4795557) with status 201
2024-10-10 16:10:24,673 - basicLogger - INFO - Returned event parking_status response (Id: ace2f35a-21f6-4dfb-8ff2-e1b6f7c54ad1) with status 201
2024-10-10 16:10:24,693 - basicLogger - INFO - Received event parking_status request with a trace id of 261a1338-0625-45ff-bf36-333a8e0671f2
2024-10-10 16:10:24,718 - basicLogger - INFO - Received event payment request with a trace id of 8bc59bb4-b72e-41ed-a858-99c46ddd015b
2024-10-10 16:10:24,726 - basicLogger - INFO - Returned event parking_status response (Id: 261a1338-0625-45ff-bf36-333a8e0671f2) with status 201
2024-10-10 16:10:24,738 - basicLogger - INFO - Received event payment request with a trace id of 794196eb-6854-4fdb-b7bc-c94ca50de43f
2024-10-10 16:10:24,761 - basicLogger - INFO - Received event payment request with a trace id of 94f4795b-1186-4665-9a6e-e82a33b986b5
2024-10-10 16:10:24,771 - basicLogger - INFO - Returned event payment response (Id: 8bc59bb4-b72e-41ed-a858-99c46ddd015b) with status 201
2024-10-10 16:10:24,787 - basicLogger - INFO - Received event parking_status request with a trace id of e3d7845e-4e92-4508-94ed-d02df6ac6da7
2024-10-10 16:10:24,795 - basicLogger - INFO - Returned event payment response (Id: 794196eb-6854-4fdb-b7bc-c94ca50de43f) with status 201
2024-10-10 16:10:24,829 - basicLogger - INFO - Returned event payment response (Id: 94f4795b-1186-4665-9a6e-e82a33b986b5) with status 201
2024-10-10 16:10:24,841 - basicLogger - INFO - Received event parking_status request with a trace id of 9b15a046-33e6-495f-b3f2-e3a35237fa91
2024-10-10 16:10:24,850 - basicLogger - INFO - Returned event parking_status response (Id: e3d7845e-4e92-4508-94ed-d02df6ac6da7) with status 201
2024-10-10 16:10:24,870 - basicLogger - INFO - Received event payment request with a trace id of 66eabc7a-6751-42d1-a59b-ce3c2cb41022
2024-10-10 16:10:24,895 - basicLogger - INFO - Returned event parking_status response (Id: 9b15a046-33e6-495f-b3f2-e3a35237fa91) with status 201
2024-10-10 16:10:24,902 - basicLogger - INFO - Returned event payment response (Id: 66eabc7a-6751-42d1-a59b-ce3c2cb41022) with status 201
2024-10-10 16:10:24,912 - basicLogger - INFO - Received event payment request with a trace id of 80052779-7a78-47f2-bc4d-b879da459fbe
2024-10-10 16:10:24,926 - basicLogger - INFO - Received event parking_status request with a trace id of d33754f7-7aea-49ea-a972-ed34418cdf40
2024-10-10 16:10:24,960 - basicLogger - INFO - Returned event parking_status response (Id: d33754f7-7aea-49ea-a972-ed34418cdf40) with status 201
2024-10-10 16:10:24,964 - basicLogger - INFO - Returned event payment response (Id: 80052779-7a78-47f2-bc4d-b879da459fbe) with status 201
2024-10-10 16:10:24,973 - basicLogger - INFO - Received event payment request with a trace id of 7db6e769-f3ce-44e8-8a9b-9a463f755d8a
2024-10-10 16:10:24,983 - basicLogger - INFO - Received event parking_status request with a trace id of 839c6d65-afc6-4de6-992f-1cab4ba75fb5
2024-10-10 16:10:25,018 - basicLogger - INFO - Returned event payment response (Id: 7db6e769-f3ce-44e8-8a9b-9a463f755d8a) with status 201
2024-10-10 16:10:25,021 - basicLogger - INFO - Returned event parking_status response (Id: 839c6d65-afc6-4de6-992f-1cab4ba75fb5) with status 201
2024-10-10 16:10:25,040 - basicLogger - INFO - Received event payment request with a trace id of 11a0f1cf-bda1-4c6b-bab6-166ee6fc86e2
2024-10-10 16:10:25,046 - basicLogger - INFO - Received event parking_status request with a trace id of 5a2eb2d2-35e1-479b-925c-0471c664c02e
2024-10-10 16:10:25,081 - basicLogger - INFO - Returned event payment response (Id: 11a0f1cf-bda1-4c6b-bab6-166ee6fc86e2) with status 201
2024-10-10 16:10:25,087 - basicLogger - INFO - Returned event parking_status response (Id: 5a2eb2d2-35e1-479b-925c-0471c664c02e) with status 201
2024-10-10 16:10:25,101 - basicLogger - INFO - Received event parking_status request with a trace id of 38de815e-55d8-4b60-baa3-f43ca887f0e3
2024-10-10 16:10:25,112 - basicLogger - INFO - Received event payment request with a trace id of 91887564-a361-4cfd-b611-5b95e9006768
2024-10-10 16:10:25,149 - basicLogger - INFO - Returned event parking_status response (Id: 38de815e-55d8-4b60-baa3-f43ca887f0e3) with status 201
2024-10-10 16:10:25,156 - basicLogger - INFO - Returned event payment response (Id: 91887564-a361-4cfd-b611-5b95e9006768) with status 201
2024-10-10 16:10:25,173 - basicLogger - INFO - Received event payment request with a trace id of 409bfb5d-eafb-4037-b4f3-28476586f279
2024-10-10 16:10:25,210 - basicLogger - INFO - Received event parking_status request with a trace id of 0b2c5009-7566-4e5b-b0f8-295022c39b39
2024-10-10 16:10:25,251 - basicLogger - INFO - Returned event payment response (Id: 409bfb5d-eafb-4037-b4f3-28476586f279) with status 201
2024-10-10 16:10:25,270 - basicLogger - INFO - Received event parking_status request with a trace id of e7475b82-424b-49a6-ab6f-745a31c757d8
2024-10-10 16:10:25,286 - basicLogger - INFO - Returned event parking_status response (Id: 0b2c5009-7566-4e5b-b0f8-295022c39b39) with status 201
2024-10-10 16:10:25,301 - basicLogger - INFO - Received event payment request with a trace id of 9a5515f7-3313-4fb0-8b5f-e08d30451ed3
2024-10-10 16:10:25,314 - basicLogger - INFO - Returned event parking_status response (Id: e7475b82-424b-49a6-ab6f-745a31c757d8) with status 201
2024-10-10 16:10:25,335 - basicLogger - INFO - Received event payment request with a trace id of 693fb68c-a1ce-4509-93eb-c41b98d2c28b
2024-10-10 16:10:25,366 - basicLogger - INFO - Returned event payment response (Id: 9a5515f7-3313-4fb0-8b5f-e08d30451ed3) with status 201
2024-10-10 16:10:25,385 - basicLogger - INFO - Returned event payment response (Id: 693fb68c-a1ce-4509-93eb-c41b98d2c28b) with status 201
2024-10-10 16:10:25,403 - basicLogger - INFO - Received event parking_status request with a trace id of aad33857-e5c9-4e29-ba21-5b79f53bbd08
2024-10-10 16:10:25,447 - basicLogger - INFO - Returned event parking_status response (Id: aad33857-e5c9-4e29-ba21-5b79f53bbd08) with status 201
2024-10-10 16:10:25,472 - basicLogger - INFO - Received event payment request with a trace id of 0a0ed11b-d6c7-4efc-904c-80d23eca7f75
2024-10-10 16:10:25,526 - basicLogger - INFO - Returned event payment response (Id: 0a0ed11b-d6c7-4efc-904c-80d23eca7f75) with status 201
2024-10-10 16:10:25,543 - basicLogger - INFO - Received event parking_status request with a trace id of 04ca94c6-c8c1-4645-94d2-2adfeb2ed718
2024-10-10 16:10:25,575 - basicLogger - INFO - Returned event parking_status response (Id: 04ca94c6-c8c1-4645-94d2-2adfeb2ed718) with status 201
2024-10-10 16:10:25,589 - basicLogger - INFO - Received event payment request with a trace id of 38ff6c3a-ae2c-4a0e-9ca4-38c7104c4310
2024-10-10 16:10:25,615 - basicLogger - INFO - Returned event payment response (Id: 38ff6c3a-ae2c-4a0e-9ca4-38c7104c4310) with status 201
2024-10-10 16:11:15,261 - basicLogger - INFO - Received event parking_status request with a trace id of 3016f9fe-b8cb-4a63-825c-c3db7a6f0794
2024-10-10 16:11:15,294 - basicLogger - INFO - Returned event parking_status response (Id: 3016f9fe-b8cb-4a63-825c-c3db7a6f0794) with status 201
2024-10-10 16:11:15,305 - basicLogger - INFO - Received event payment request with a trace id of e31ff73e-b33b-4b6d-b482-716b0cea618d
2024-10-10 16:11:15,328 - basicLogger - INFO - Returned event payment response (Id: e31ff73e-b33b-4b6d-b482-716b0cea618d) with status 201
2024-10-10 16:11:15,343 - basicLogger - INFO - Received event parking_status request with a trace id of 4114b6fc-db31-4594-82ca-4c343d0a30e2
2024-10-10 16:11:15,369 - basicLogger - INFO - Returned event parking_status response (Id: 4114b6fc-db31-4594-82ca-4c343d0a30e2) with status 201
2024-10-10 16:11:15,382 - basicLogger - INFO - Received event payment request with a trace id of 2345e756-f39a-401a-b176-2c4affa98f2a
2024-10-10 16:11:15,415 - basicLogger - INFO - Returned event payment response (Id: 2345e756-f39a-401a-b176-2c4affa98f2a) with status 201
2024-10-10 16:11:15,437 - basicLogger - INFO - Received event parking_status request with a trace id of 3c4e3bd2-0c72-48df-947b-31b77cae9b15
2024-10-10 16:11:15,474 - basicLogger - INFO - Returned event parking_status response (Id: 3c4e3bd2-0c72-48df-947b-31b77cae9b15) with status 201
2024-10-10 16:11:15,490 - basicLogger - INFO - Received event payment request with a trace id of a5e84cda-6b50-4e88-a674-8dd2ed507e7e
2024-10-10 16:11:15,530 - basicLogger - INFO - Returned event payment response (Id: a5e84cda-6b50-4e88-a674-8dd2ed507e7e) with status 201
2024-10-10 16:11:15,550 - basicLogger - INFO - Received event parking_status request with a trace id of 7578d1e1-9f04-476c-ba7d-f03abf48f918
2024-10-10 16:11:15,584 - basicLogger - INFO - Received event parking_status request with a trace id of cbb83e72-bf8c-40b6-97c7-52b289677d2e
2024-10-10 16:11:15,594 - basicLogger - INFO - Returned event parking_status response (Id: 7578d1e1-9f04-476c-ba7d-f03abf48f918) with status 201
2024-10-10 16:11:15,623 - basicLogger - INFO - Received event payment request with a trace id of a873e622-7a3f-4a25-a3f0-6cdba14ed3d2
2024-10-10 16:11:15,643 - basicLogger - INFO - Returned event parking_status response (Id: cbb83e72-bf8c-40b6-97c7-52b289677d2e) with status 201
2024-10-10 16:11:15,660 - basicLogger - INFO - Received event payment request with a trace id of b930a34a-c673-412e-bd7e-d751a7be575c
2024-10-10 16:11:15,704 - basicLogger - INFO - Returned event payment response (Id: a873e622-7a3f-4a25-a3f0-6cdba14ed3d2) with status 201
2024-10-10 16:11:15,727 - basicLogger - INFO - Received event parking_status request with a trace id of 7033fa4a-1ac6-41c6-b2a8-e406ebe9df40
2024-10-10 16:11:15,738 - basicLogger - INFO - Returned event payment response (Id: b930a34a-c673-412e-bd7e-d751a7be575c) with status 201
2024-10-10 16:11:15,760 - basicLogger - INFO - Received event parking_status request with a trace id of 90c2d022-5952-46b4-b1f5-eab3426dd710
2024-10-10 16:11:15,778 - basicLogger - INFO - Returned event parking_status response (Id: 7033fa4a-1ac6-41c6-b2a8-e406ebe9df40) with status 201
2024-10-10 16:11:15,795 - basicLogger - INFO - Received event payment request with a trace id of 8df98923-a51c-4774-9fbb-2968a24b4ca7
2024-10-10 16:11:15,812 - basicLogger - INFO - Returned event parking_status response (Id: 90c2d022-5952-46b4-b1f5-eab3426dd710) with status 201
2024-10-10 16:11:15,850 - basicLogger - INFO - Returned event payment response (Id: 8df98923-a51c-4774-9fbb-2968a24b4ca7) with status 201
2024-10-10 16:11:15,858 - basicLogger - INFO - Received event payment request with a trace id of 3bb88d2c-e700-45ad-b71b-8683e5526068
2024-10-10 16:11:15,911 - basicLogger - INFO - Returned event payment response (Id: 3bb88d2c-e700-45ad-b71b-8683e5526068) with status 201
2024-10-10 16:11:15,919 - basicLogger - INFO - Received event parking_status request with a trace id of f503babc-42e5-4839-8b28-b7101c96624a
2024-10-10 16:11:15,940 - basicLogger - INFO - Received event parking_status request with a trace id of 9a737e04-1bc4-4eb4-8833-1f4e2b275c65
2024-10-10 16:11:15,956 - basicLogger - INFO - Received event parking_status request with a trace id of 95ad547b-db62-42d7-8be2-884c033224cf
2024-10-10 16:11:16,002 - basicLogger - INFO - Returned event parking_status response (Id: f503babc-42e5-4839-8b28-b7101c96624a) with status 201
2024-10-10 16:11:16,026 - basicLogger - INFO - Returned event parking_status response (Id: 9a737e04-1bc4-4eb4-8833-1f4e2b275c65) with status 201
2024-10-10 16:11:16,028 - basicLogger - INFO - Received event payment request with a trace id of 140415ff-84b9-44b2-9d36-28585eb2f8be
2024-10-10 16:11:16,029 - basicLogger - INFO - Returned event parking_status response (Id: 95ad547b-db62-42d7-8be2-884c033224cf) with status 201
2024-10-10 16:11:16,057 - basicLogger - INFO - Received event payment request with a trace id of 0f2597c9-be47-4d42-988c-c8e38c316f91
2024-10-10 16:11:16,081 - basicLogger - INFO - Received event payment request with a trace id of e5fc14ff-ba41-482b-a03d-cd3a6a17a6c4
2024-10-10 16:11:16,084 - basicLogger - INFO - Returned event payment response (Id: 140415ff-84b9-44b2-9d36-28585eb2f8be) with status 201
2024-10-10 16:11:16,125 - basicLogger - INFO - Received event parking_status request with a trace id of 05fa3ac8-5f02-48fa-a3ad-b5c19d8030ae
2024-10-10 16:11:16,148 - basicLogger - INFO - Returned event payment response (Id: 0f2597c9-be47-4d42-988c-c8e38c316f91) with status 201
2024-10-10 16:11:16,181 - basicLogger - INFO - Returned event payment response (Id: e5fc14ff-ba41-482b-a03d-cd3a6a17a6c4) with status 201
2024-10-10 16:11:16,187 - basicLogger - INFO - Received event parking_status request with a trace id of 0ecef197-4a6e-44e3-9dc5-d8501c771e2b
2024-10-10 16:11:16,198 - basicLogger - INFO - Returned event parking_status response (Id: 05fa3ac8-5f02-48fa-a3ad-b5c19d8030ae) with status 201
2024-10-10 16:11:16,263 - basicLogger - INFO - Received event payment request with a trace id of 6e71c93a-1e83-4efe-84b8-fce030f4b6d7
2024-10-10 16:11:16,268 - basicLogger - INFO - Returned event parking_status response (Id: 0ecef197-4a6e-44e3-9dc5-d8501c771e2b) with status 201
2024-10-10 16:11:16,273 - basicLogger - INFO - Received event parking_status request with a trace id of c91cffa2-39cd-4d68-a83d-5e17eebc5fca
2024-10-10 16:11:16,307 - basicLogger - INFO - Received event payment request with a trace id of 080ffed6-07fc-4fff-b884-f28b82179231
2024-10-10 16:11:16,350 - basicLogger - INFO - Returned event payment response (Id: 6e71c93a-1e83-4efe-84b8-fce030f4b6d7) with status 201
2024-10-10 16:11:16,370 - basicLogger - INFO - Received event parking_status request with a trace id of 091abc0c-c0fc-46b0-9b47-408dd0174649
2024-10-10 16:11:16,408 - basicLogger - INFO - Returned event parking_status response (Id: 091abc0c-c0fc-46b0-9b47-408dd0174649) with status 201
2024-10-10 16:11:16,416 - basicLogger - INFO - Returned event payment response (Id: 080ffed6-07fc-4fff-b884-f28b82179231) with status 201
2024-10-10 16:11:16,419 - basicLogger - INFO - Returned event parking_status response (Id: c91cffa2-39cd-4d68-a83d-5e17eebc5fca) with status 201
2024-10-10 16:11:16,446 - basicLogger - INFO - Received event payment request with a trace id of 22b537c3-9bfb-4bc2-8ef2-7852538ce096
2024-10-10 16:11:16,447 - basicLogger - INFO - Received event payment request with a trace id of a57fd9ba-b47d-4d2d-98b0-7d56c6b4004e
2024-10-10 16:11:16,458 - basicLogger - INFO - Received event parking_status request with a trace id of 7ad21069-e023-48e1-85aa-35680218daf5
2024-10-10 16:11:16,518 - basicLogger - INFO - Returned event payment response (Id: a57fd9ba-b47d-4d2d-98b0-7d56c6b4004e) with status 201
2024-10-10 16:11:16,532 - basicLogger - INFO - Returned event payment response (Id: 22b537c3-9bfb-4bc2-8ef2-7852538ce096) with status 201
2024-10-10 16:11:16,539 - basicLogger - INFO - Received event parking_status request with a trace id of e9e553ba-985d-490e-92e3-0a8d33234a5e
2024-10-10 16:11:16,541 - basicLogger - INFO - Returned event parking_status response (Id: 7ad21069-e023-48e1-85aa-35680218daf5) with status 201
2024-10-10 16:11:16,565 - basicLogger - INFO - Received event parking_status request with a trace id of 56162191-26dc-433e-84f6-2729d6b4c3a8
2024-10-10 16:11:16,581 - basicLogger - INFO - Received event payment request with a trace id of a1c64776-ede8-40d8-a8f9-cb7122e53ff3
2024-10-10 16:11:16,589 - basicLogger - INFO - Returned event parking_status response (Id: e9e553ba-985d-490e-92e3-0a8d33234a5e) with status 201
2024-10-10 16:11:16,606 - basicLogger - INFO - Received event payment request with a trace id of f8801ff7-bd3c-4582-ac77-6dbab97d59ea
2024-10-10 16:11:16,641 - basicLogger - INFO - Returned event payment response (Id: a1c64776-ede8-40d8-a8f9-cb7122e53ff3) with status 201
2024-10-10 16:11:16,644 - basicLogger - INFO - Returned event parking_status response (Id: 56162191-26dc-433e-84f6-2729d6b4c3a8) with status 201
2024-10-10 16:11:16,654 - basicLogger - INFO - Returned event payment response (Id: f8801ff7-bd3c-4582-ac77-6dbab97d59ea) with status 201
2024-10-10 16:11:16,670 - basicLogger - INFO - Received event parking_status request with a trace id of 69052a5b-47dc-42db-af02-110de77adf42
2024-10-10 16:11:16,688 - basicLogger - INFO - Received event parking_status request with a trace id of f5f46b13-5456-4226-a297-1cf64ebd22a9
2024-10-10 16:11:16,690 - basicLogger - INFO - Received event payment request with a trace id of e1c6d373-3f65-488d-89ca-f7e59c6328d8
2024-10-10 16:11:16,845 - basicLogger - INFO - Returned event parking_status response (Id: f5f46b13-5456-4226-a297-1cf64ebd22a9) with status 201
2024-10-10 16:11:16,852 - basicLogger - INFO - Returned event parking_status response (Id: 69052a5b-47dc-42db-af02-110de77adf42) with status 201
2024-10-10 16:11:16,859 - basicLogger - INFO - Returned event payment response (Id: e1c6d373-3f65-488d-89ca-f7e59c6328d8) with status 201
2024-10-10 16:11:16,862 - basicLogger - INFO - Received event payment request with a trace id of ea1e1f5e-c422-49d2-a813-e4850d45733a
2024-10-10 16:11:16,891 - basicLogger - INFO - Received event parking_status request with a trace id of 636bc1fa-178f-48c4-b5fd-47fe7f0452f0
2024-10-10 16:11:16,892 - basicLogger - INFO - Received event payment request with a trace id of 5d938d8c-1784-44af-b812-0b5c2c92f15e
2024-10-10 16:11:16,906 - basicLogger - INFO - Returned event payment response (Id: ea1e1f5e-c422-49d2-a813-e4850d45733a) with status 201
2024-10-10 16:11:16,955 - basicLogger - INFO - Returned event parking_status response (Id: 636bc1fa-178f-48c4-b5fd-47fe7f0452f0) with status 201
2024-10-10 16:11:16,974 - basicLogger - INFO - Received event payment request with a trace id of 9cead8d3-c3df-44b3-b8b2-8364cf02ff98
2024-10-10 16:11:17,013 - basicLogger - INFO - Returned event payment response (Id: 5d938d8c-1784-44af-b812-0b5c2c92f15e) with status 201
2024-10-10 16:11:17,030 - basicLogger - INFO - Returned event payment response (Id: 9cead8d3-c3df-44b3-b8b2-8364cf02ff98) with status 201
2024-10-10 16:11:17,052 - basicLogger - INFO - Received event parking_status request with a trace id of d985355e-8b68-48c9-8aa9-c0f9b1a5e035
2024-10-10 16:11:17,079 - basicLogger - INFO - Received event parking_status request with a trace id of 63772e69-845f-40ad-bdb9-c5beef12131d
2024-10-10 16:11:17,111 - basicLogger - INFO - Returned event parking_status response (Id: d985355e-8b68-48c9-8aa9-c0f9b1a5e035) with status 201
2024-10-10 16:11:17,124 - basicLogger - INFO - Received event payment request with a trace id of fd4b3d37-4b97-4d4d-bb3e-40310666a2ad
2024-10-10 16:11:17,156 - basicLogger - INFO - Returned event parking_status response (Id: 63772e69-845f-40ad-bdb9-c5beef12131d) with status 201
2024-10-10 16:11:17,164 - basicLogger - INFO - Returned event payment response (Id: fd4b3d37-4b97-4d4d-bb3e-40310666a2ad) with status 201
2024-10-10 16:11:17,174 - basicLogger - INFO - Received event payment request with a trace id of ec828f10-c03c-4604-ae63-3012cb5da76b
2024-10-10 16:11:17,193 - basicLogger - INFO - Received event parking_status request with a trace id of c089181a-8388-4724-bf7a-788e3f4a3d86
2024-10-10 16:11:17,227 - basicLogger - INFO - Returned event payment response (Id: ec828f10-c03c-4604-ae63-3012cb5da76b) with status 201
2024-10-10 16:11:17,238 - basicLogger - INFO - Returned event parking_status response (Id: c089181a-8388-4724-bf7a-788e3f4a3d86) with status 201
2024-10-10 16:11:17,256 - basicLogger - INFO - Received event parking_status request with a trace id of 8d0fc670-defc-4d6f-a961-88a680e3c9f2
2024-10-10 16:11:17,262 - basicLogger - INFO - Received event payment request with a trace id of ef49a3fa-ec87-44d6-878d-ebb02fc7e83d
2024-10-10 16:11:17,304 - basicLogger - INFO - Returned event parking_status response (Id: 8d0fc670-defc-4d6f-a961-88a680e3c9f2) with status 201
2024-10-10 16:11:17,311 - basicLogger - INFO - Returned event payment response (Id: ef49a3fa-ec87-44d6-878d-ebb02fc7e83d) with status 201
2024-10-10 16:11:17,320 - basicLogger - INFO - Received event payment request with a trace id of 67192acb-a2df-47dc-83a2-68d98e609710
2024-10-10 16:11:17,337 - basicLogger - INFO - Received event parking_status request with a trace id of 62a78082-d272-4a9e-b737-7129d16e3fc5
2024-10-10 16:11:17,375 - basicLogger - INFO - Returned event payment response (Id: 67192acb-a2df-47dc-83a2-68d98e609710) with status 201
2024-10-10 16:11:17,383 - basicLogger - INFO - Returned event parking_status response (Id: 62a78082-d272-4a9e-b737-7129d16e3fc5) with status 201
2024-10-10 16:11:17,393 - basicLogger - INFO - Received event parking_status request with a trace id of 408904f0-abb8-4154-8abb-3eee2f627870
2024-10-10 16:11:17,407 - basicLogger - INFO - Received event payment request with a trace id of b2c9c1d1-e488-4156-8601-ecb761fc2122
2024-10-10 16:11:17,443 - basicLogger - INFO - Returned event parking_status response (Id: 408904f0-abb8-4154-8abb-3eee2f627870) with status 201
2024-10-10 16:11:17,449 - basicLogger - INFO - Returned event payment response (Id: b2c9c1d1-e488-4156-8601-ecb761fc2122) with status 201
2024-10-10 16:11:17,457 - basicLogger - INFO - Received event payment request with a trace id of 977c5bba-d18d-4918-b46b-40ec1e45033c
2024-10-10 16:11:17,473 - basicLogger - INFO - Received event parking_status request with a trace id of f0bb2b32-1906-40eb-9233-e3247863194f
2024-10-10 16:11:17,503 - basicLogger - INFO - Returned event payment response (Id: 977c5bba-d18d-4918-b46b-40ec1e45033c) with status 201
2024-10-10 16:11:17,510 - basicLogger - INFO - Returned event parking_status response (Id: f0bb2b32-1906-40eb-9233-e3247863194f) with status 201
2024-10-10 16:11:17,523 - basicLogger - INFO - Received event parking_status request with a trace id of 8faef29b-22d7-4ba1-823d-aefc03999153
2024-10-10 16:11:17,533 - basicLogger - INFO - Received event payment request with a trace id of ebc02468-7545-41dc-a081-857d32f535c6
2024-10-10 16:11:17,568 - basicLogger - INFO - Returned event parking_status response (Id: 8faef29b-22d7-4ba1-823d-aefc03999153) with status 201
2024-10-10 16:11:17,570 - basicLogger - INFO - Returned event payment response (Id: ebc02468-7545-41dc-a081-857d32f535c6) with status 201
2024-10-10 16:11:17,589 - basicLogger - INFO - Received event payment request with a trace id of 6ca1ae5b-a2a8-4cd1-ab0b-73b3e71fe8a0
2024-10-10 16:11:17,591 - basicLogger - INFO - Received event parking_status request with a trace id of 5f72fea7-ea55-47f0-b106-da4a723014ec
2024-10-10 16:11:17,628 - basicLogger - INFO - Returned event payment response (Id: 6ca1ae5b-a2a8-4cd1-ab0b-73b3e71fe8a0) with status 201
2024-10-10 16:11:17,631 - basicLogger - INFO - Returned event parking_status response (Id: 5f72fea7-ea55-47f0-b106-da4a723014ec) with status 201
2024-10-10 16:11:17,649 - basicLogger - INFO - Received event payment request with a trace id of 7eb10e11-0a74-4adc-a135-037af9d64c30
2024-10-10 16:11:17,674 - basicLogger - INFO - Returned event payment response (Id: 7eb10e11-0a74-4adc-a135-037af9d64c30) with status 201
2024-10-10 16:11:17,687 - basicLogger - INFO - Received event parking_status request with a trace id of a889016f-bf95-4a45-82fd-cf5d8be2fffb
2024-10-10 16:11:17,713 - basicLogger - INFO - Returned event parking_status response (Id: a889016f-bf95-4a45-82fd-cf5d8be2fffb) with status 201
2024-10-10 16:11:17,735 - basicLogger - INFO - Received event payment request with a trace id of ab6323a2-b921-4671-81b3-c1553a273bc2
2024-10-10 16:11:17,773 - basicLogger - INFO - Returned event payment response (Id: ab6323a2-b921-4671-81b3-c1553a273bc2) with status 201
